[debug] [2022-12-04T22:58:38.258Z] ----------------------------------------------------------------------
[debug] [2022-12-04T22:58:38.262Z] Command:       C:\Program Files\nodejs\node.exe C:\Users\RajkaiAndrás\AppData\Roaming\npm\node_modules\firebase-tools\lib\bin\firebase.js deploy
[debug] [2022-12-04T22:58:38.263Z] CLI Version:   11.16.1
[debug] [2022-12-04T22:58:38.263Z] Platform:      win32
[debug] [2022-12-04T22:58:38.263Z] Node Version:  v18.12.1
[debug] [2022-12-04T22:58:38.266Z] Time:          Sun Dec 04 2022 23:58:38 GMT+0100 (közép-európai téli idő)
[debug] [2022-12-04T22:58:38.267Z] ----------------------------------------------------------------------
[debug] 
[debug] [2022-12-04T22:58:38.275Z] >>> [apiv2][query] GET https://firebase-public.firebaseio.com/cli.json [none]
[debug] [2022-12-04T22:58:38.506Z] > command requires scopes: ["email","openid","https://www.googleapis.com/auth/cloudplatformprojects.readonly","https://www.googleapis.com/auth/firebase","https://www.googleapis.com/auth/cloud-platform"]
[debug] [2022-12-04T22:58:38.507Z] > authorizing via signed-in user (rajkaiandras@gmail.com)
[debug] [2022-12-04T22:58:38.507Z] [iam] checking project project-marvel-website for permissions ["datastore.indexes.create","datastore.indexes.delete","datastore.indexes.list","datastore.indexes.update","firebase.projects.get","firebasehosting.sites.update","firebaserules.releases.create","firebaserules.releases.update","firebaserules.rulesets.create"]
[debug] [2022-12-04T22:58:38.509Z] > refreshing access token with scopes: []
[debug] [2022-12-04T22:58:38.512Z] >>> [apiv2][query] POST https://www.googleapis.com/oauth2/v3/token [none]
[debug] [2022-12-04T22:58:38.512Z] >>> [apiv2][body] POST https://www.googleapis.com/oauth2/v3/token [omitted]
[debug] [2022-12-04T22:58:38.718Z] <<< [apiv2][status] POST https://www.googleapis.com/oauth2/v3/token 200
[debug] [2022-12-04T22:58:38.719Z] <<< [apiv2][body] POST https://www.googleapis.com/oauth2/v3/token [omitted]
[debug] [2022-12-04T22:58:38.734Z] >>> [apiv2][query] POST https://cloudresourcemanager.googleapis.com/v1/projects/project-marvel-website:testIamPermissions [none]
[debug] [2022-12-04T22:58:38.735Z] >>> [apiv2][(partial)header] POST https://cloudresourcemanager.googleapis.com/v1/projects/project-marvel-website:testIamPermissions x-goog-quota-user=projects/project-marvel-website
[debug] [2022-12-04T22:58:38.735Z] >>> [apiv2][body] POST https://cloudresourcemanager.googleapis.com/v1/projects/project-marvel-website:testIamPermissions {"permissions":["datastore.indexes.create","datastore.indexes.delete","datastore.indexes.list","datastore.indexes.update","firebase.projects.get","firebasehosting.sites.update","firebaserules.releases.create","firebaserules.releases.update","firebaserules.rulesets.create"]}
[debug] [2022-12-04T22:58:38.888Z] <<< [apiv2][status] GET https://firebase-public.firebaseio.com/cli.json 200
[debug] [2022-12-04T22:58:38.888Z] <<< [apiv2][body] GET https://firebase-public.firebaseio.com/cli.json {"cloudBuildErrorAfter":1594252800000,"cloudBuildWarnAfter":1590019200000,"defaultNode10After":1594252800000,"minVersion":"3.0.5","node8DeploysDisabledAfter":1613390400000,"node8RuntimeDisabledAfter":1615809600000,"node8WarnAfter":1600128000000}
[debug] [2022-12-04T22:58:39.579Z] <<< [apiv2][status] POST https://cloudresourcemanager.googleapis.com/v1/projects/project-marvel-website:testIamPermissions 200
[debug] [2022-12-04T22:58:39.580Z] <<< [apiv2][body] POST https://cloudresourcemanager.googleapis.com/v1/projects/project-marvel-website:testIamPermissions {"permissions":["datastore.indexes.create","datastore.indexes.delete","datastore.indexes.list","datastore.indexes.update","firebase.projects.get","firebasehosting.sites.update","firebaserules.releases.create","firebaserules.releases.update","firebaserules.rulesets.create"]}
[debug] [2022-12-04T22:58:39.583Z] >>> [apiv2][query] GET https://firebase.googleapis.com/v1beta1/projects/project-marvel-website [none]
[debug] [2022-12-04T22:58:39.933Z] <<< [apiv2][status] GET https://firebase.googleapis.com/v1beta1/projects/project-marvel-website 200
[debug] [2022-12-04T22:58:39.933Z] <<< [apiv2][body] GET https://firebase.googleapis.com/v1beta1/projects/project-marvel-website {"projectId":"project-marvel-website","projectNumber":"568178347696","displayName":"Project MARVEL Website","name":"projects/project-marvel-website","resources":{"hostingSite":"project-marvel-website","storageBucket":"project-marvel-website.appspot.com","locationId":"europe-west"},"state":"ACTIVE","etag":"1_bae2a5f7-1e8f-46a2-a343-a4945558d943"}
[info] 
[info] === Deploying to 'project-marvel-website'...
[info] 
[info] i  deploying storage, firestore, hosting 
[debug] [2022-12-04T22:58:39.945Z] >>> [apiv2][query] GET https://appengine.googleapis.com/v1/apps/project-marvel-website [none]
[debug] [2022-12-04T22:58:40.479Z] <<< [apiv2][status] GET https://appengine.googleapis.com/v1/apps/project-marvel-website 200
[debug] [2022-12-04T22:58:40.480Z] <<< [apiv2][body] GET https://appengine.googleapis.com/v1/apps/project-marvel-website {"name":"apps/project-marvel-website","id":"project-marvel-website","authDomain":"gmail.com","locationId":"europe-west","codeBucket":"staging.project-marvel-website.appspot.com","servingStatus":"SERVING","defaultHostname":"project-marvel-website.ew.r.appspot.com","defaultBucket":"project-marvel-website.appspot.com","serviceAccount":"project-marvel-website@appspot.gserviceaccount.com","gcrDomain":"eu.gcr.io","databaseType":"CLOUD_FIRESTORE","featureSettings":{"splitHealthChecks":true,"useContainerOptimizedOs":true}}
[info] i  firebase.storage: checking storage.rules for compilation errors... 
[debug] [2022-12-04T22:58:40.487Z] >>> [apiv2][query] POST https://firebaserules.googleapis.com/v1/projects/project-marvel-website:test [none]
[debug] [2022-12-04T22:58:40.488Z] >>> [apiv2][body] POST https://firebaserules.googleapis.com/v1/projects/project-marvel-website:test [omitted]
[debug] [2022-12-04T22:58:40.861Z] <<< [apiv2][status] POST https://firebaserules.googleapis.com/v1/projects/project-marvel-website:test 200
[debug] [2022-12-04T22:58:40.861Z] <<< [apiv2][body] POST https://firebaserules.googleapis.com/v1/projects/project-marvel-website:test {}
[info] +  firebase.storage: rules file storage.rules compiled successfully 
[info] i  firestore: reading indexes from firestore.indexes.json... 
[info] i  cloud.firestore: checking firestore.rules for compilation errors... 
[debug] [2022-12-04T22:58:40.865Z] >>> [apiv2][query] POST https://firebaserules.googleapis.com/v1/projects/project-marvel-website:test [none]
[debug] [2022-12-04T22:58:40.865Z] >>> [apiv2][body] POST https://firebaserules.googleapis.com/v1/projects/project-marvel-website:test [omitted]
[debug] [2022-12-04T22:58:41.638Z] <<< [apiv2][status] POST https://firebaserules.googleapis.com/v1/projects/project-marvel-website:test 200
[debug] [2022-12-04T22:58:41.638Z] <<< [apiv2][body] POST https://firebaserules.googleapis.com/v1/projects/project-marvel-website:test {}
[info] +  cloud.firestore: rules file firestore.rules compiled successfully 
[debug] [2022-12-04T22:58:41.645Z] >>> [apiv2][query] POST https://firebasehosting.googleapis.com/v1beta1/projects/-/sites/project-marvel-website/versions [none]
[debug] [2022-12-04T22:58:41.645Z] >>> [apiv2][body] POST https://firebasehosting.googleapis.com/v1beta1/projects/-/sites/project-marvel-website/versions {"status":"CREATED","labels":{"deployment-tool":"cli-firebase"}}
[debug] [2022-12-04T22:58:43.578Z] <<< [apiv2][status] POST https://firebasehosting.googleapis.com/v1beta1/projects/-/sites/project-marvel-website/versions 200
[debug] [2022-12-04T22:58:43.578Z] <<< [apiv2][body] POST https://firebasehosting.googleapis.com/v1beta1/projects/-/sites/project-marvel-website/versions {"name":"projects/568178347696/sites/project-marvel-website/versions/9642c3323fb8432e","status":"CREATED","config":{},"labels":{"deployment-tool":"cli-firebase"}}
[debug] [2022-12-04T22:58:43.580Z] >>> [apiv2][query] GET https://firebaserules.googleapis.com/v1/projects/project-marvel-website/releases pageSize=10&pageToken=
[debug] [2022-12-04T22:58:43.858Z] <<< [apiv2][status] GET https://firebaserules.googleapis.com/v1/projects/project-marvel-website/releases 200
[debug] [2022-12-04T22:58:43.858Z] <<< [apiv2][body] GET https://firebaserules.googleapis.com/v1/projects/project-marvel-website/releases {"releases":[{"name":"projects/project-marvel-website/releases/cloud.firestore","rulesetName":"projects/project-marvel-website/rulesets/0a5338fe-feb0-41cc-b94a-8888c68e4397","createTime":"2022-11-20T06:42:04.013002Z","updateTime":"2022-11-20T06:42:04.013002Z"}]}
[info] i  storage: uploading rules storage.rules... 
[debug] [2022-12-04T22:58:43.863Z] >>> [apiv2][query] POST https://firebaserules.googleapis.com/v1/projects/project-marvel-website/rulesets [none]
[debug] [2022-12-04T22:58:43.863Z] >>> [apiv2][body] POST https://firebaserules.googleapis.com/v1/projects/project-marvel-website/rulesets [omitted]
[debug] [2022-12-04T22:58:44.762Z] <<< [apiv2][status] POST https://firebaserules.googleapis.com/v1/projects/project-marvel-website/rulesets 200
[debug] [2022-12-04T22:58:44.762Z] <<< [apiv2][body] POST https://firebaserules.googleapis.com/v1/projects/project-marvel-website/rulesets {"name":"projects/project-marvel-website/rulesets/5d38e7ce-e02a-46e9-918f-96b42c99c7d9","source":{"files":[{"content":"rules_version = '2';\nservice firebase.storage {\n  match /b/{bucket}/o {\n    match /{allPaths=**} {\n      allow read, write: if false;\n    }\n  }\n}\n","name":"storage.rules"}]},"createTime":"2022-12-04T22:58:45.173007Z","metadata":{"services":["firebase.storage"]}}
[debug] [2022-12-04T22:58:44.762Z] [rules] created ruleset projects/project-marvel-website/rulesets/5d38e7ce-e02a-46e9-918f-96b42c99c7d9
[debug] [2022-12-04T22:58:44.764Z] >>> [apiv2][query] GET https://firebaserules.googleapis.com/v1/projects/project-marvel-website/releases pageSize=10&pageToken=
[debug] [2022-12-04T22:58:44.767Z] >>> [apiv2][query] GET https://firestore.googleapis.com/v1/projects/project-marvel-website/databases/(default)/collectionGroups/-/indexes [none]
[debug] [2022-12-04T22:58:45.108Z] <<< [apiv2][status] GET https://firestore.googleapis.com/v1/projects/project-marvel-website/databases/(default)/collectionGroups/-/indexes 200
[debug] [2022-12-04T22:58:45.109Z] <<< [apiv2][body] GET https://firestore.googleapis.com/v1/projects/project-marvel-website/databases/(default)/collectionGroups/-/indexes {}
[debug] [2022-12-04T22:58:45.109Z] >>> [apiv2][query] GET https://firestore.googleapis.com/v1/projects/project-marvel-website/databases/(default)/collectionGroups/-/fields?filter=indexConfig.usesAncestorConfig=false [none]
[debug] [2022-12-04T22:58:45.418Z] <<< [apiv2][status] GET https://firestore.googleapis.com/v1/projects/project-marvel-website/databases/(default)/collectionGroups/-/fields?filter=indexConfig.usesAncestorConfig=false 200
[debug] [2022-12-04T22:58:45.419Z] <<< [apiv2][body] GET https://firestore.googleapis.com/v1/projects/project-marvel-website/databases/(default)/collectionGroups/-/fields?filter=indexConfig.usesAncestorConfig=false {"fields":[{"name":"projects/project-marvel-website/databases/(default)/collectionGroups/__default__/fields/*","indexConfig":{"indexes":[{"queryScope":"COLLECTION","fields":[{"fieldPath":"*","order":"ASCENDING"}],"state":"READY"},{"queryScope":"COLLECTION","fields":[{"fieldPath":"*","order":"DESCENDING"}],"state":"READY"},{"queryScope":"COLLECTION","fields":[{"fieldPath":"*","arrayConfig":"CONTAINS"}],"state":"READY"}]}}]}
[info] +  firestore: deployed indexes in firestore.indexes.json successfully 
[debug] [2022-12-04T22:58:45.531Z] <<< [apiv2][status] GET https://firebaserules.googleapis.com/v1/projects/project-marvel-website/releases 200
[debug] [2022-12-04T22:58:45.531Z] <<< [apiv2][body] GET https://firebaserules.googleapis.com/v1/projects/project-marvel-website/releases {"releases":[{"name":"projects/project-marvel-website/releases/cloud.firestore","rulesetName":"projects/project-marvel-website/rulesets/0a5338fe-feb0-41cc-b94a-8888c68e4397","createTime":"2022-11-20T06:42:04.013002Z","updateTime":"2022-11-20T06:42:04.013002Z"}]}
[debug] [2022-12-04T22:58:45.532Z] >>> [apiv2][query] GET https://firebaserules.googleapis.com/v1/projects/project-marvel-website/rulesets/0a5338fe-feb0-41cc-b94a-8888c68e4397 [none]
[debug] [2022-12-04T22:58:45.799Z] <<< [apiv2][status] GET https://firebaserules.googleapis.com/v1/projects/project-marvel-website/rulesets/0a5338fe-feb0-41cc-b94a-8888c68e4397 200
[debug] [2022-12-04T22:58:45.800Z] <<< [apiv2][body] GET https://firebaserules.googleapis.com/v1/projects/project-marvel-website/rulesets/0a5338fe-feb0-41cc-b94a-8888c68e4397 [omitted]
[info] i  firestore: latest version of firestore.rules already up to date, skipping upload... 
[info] i  hosting[project-marvel-website]: beginning deploy... 
[info] i  hosting[project-marvel-website]: found 18 files in build 
[debug] [2022-12-04T22:58:45.865Z] [hosting] uploading with 200 concurrency
[debug] [2022-12-04T22:58:45.868Z] [hosting] hash cache [YnVpbGQ] not populated
[debug] [2022-12-04T22:58:48.552Z] [hosting] hash cache [YnVpbGQ] stored for 18 files
[debug] [2022-12-04T22:58:48.553Z] [hosting][hash queue][FINAL] {"max":2630,"min":95,"avg":419.3888888888889,"active":0,"complete":18,"success":18,"errored":0,"retried":0,"total":18,"elapsed":2675}
[debug] [2022-12-04T22:58:48.554Z] >>> [apiv2][query] POST https://firebasehosting.googleapis.com/v1beta1/projects/568178347696/sites/project-marvel-website/versions/9642c3323fb8432e:populateFiles [none]
[debug] [2022-12-04T22:58:48.554Z] >>> [apiv2][body] POST https://firebasehosting.googleapis.com/v1beta1/projects/568178347696/sites/project-marvel-website/versions/9642c3323fb8432e:populateFiles {"files":{"/asset-manifest.json":"84a5bda6469b84993479fffd99896f11668d58efdf5c5cdddb1ae08fa0aa372c","/index.html":"752e09c5712febe3db66839a0e2ff303d7e04f400320ab0ed7d2e477e549cbf5","/favicon.ico":"2ae68caf104d3ec14d1a3c6e340f92b82a1dd451d2c708f71d84c79f84c565fb","/static/js/main.7db3459a.js.LICENSE.txt":"51ad08fabaf3e08ddf2af9d52c25badc8abe9df22ce517fd680a1b96fa93f52b","/static/css/main.417ac43e.css":"1847e62e9608138f756e78df8d0f4d2142f20bdc28bb6fa4d5190c82d09bea79","/static/media/disney-logo.fd83467e9ceb624b88e73fa0de1c701d.svg":"2dd85a65216c70a8137328b0e22cd8f39dab91b254c721890596c0b292fe4f1e","/static/media/profile-photo.5039922208b1cfe25e30.webp":"f70645a2a49fa1e2352e34d1a623d5d598c84683ca0d6ab8e1a77d97cae13077","/static/media/skills.7b2f9fce60ed6968110c.png":"ff99bed0bbc682ea558e179c42d3acc3f57888ceaf3c6870578078d4abcb1409","/static/css/main.417ac43e.css.map":"35a9958e0f5deb0f349da35bed2ee706b431acee0b8e4d05f46a13f62e4f2eb7","/static/media/marvel-heroes.499cb3a0e397d842bed1.webp":"0211eeb1ce68ce1785ba1f15c31fb0271cccf7d91b1318c43dbd0637c8616794","/static/media/comics-bg.624ac19f639eae3ff0e8.webp":"3ac8a63933a202e3aecb6f8811c7ef42fa05e795642bede7c2768bd81900b937","/static/media/characters-bg.c46ac9e219c29f174652.webp":"70e75c2c1988e4a6202ab714514c29d173e4d2fb57680c513781f87e347b69d2","/static/media/swiper-slide-bg-3.1b4cd758a324185127c0.webp":"9e6020d33e3b96382e0cb562d131d61c8b02717727f6ae2a28b41176c0466d96","/static/media/swiper-slide-bg-1.dc80006ab15a014fe393.webp":"58279d9907ff104165e6293648e37aa8378992fa9a95a5122b3108c474de22ec","/static/media/swiper-slide-bg-2.47b51cd1cd162805680d.webp":"beacf696ccaf9f0955ad17cf148c6538e38b224be9df449e1285c6c0e434a1bc","/static/js/main.7db3459a.js":"fdc4fa06f1012048ffa7b6c0a299116151544b3569bf891f11ee08c2a7231a3c","/static/media/marvel-loading-animation.f3c85a8b070a9f674cce.gif":"e30e8fef918f0aae6705c1601835c8d1780f61bec07b0a95060cf158a868bc4b","/static/js/main.7db3459a.js.map":"e0ef8b84e3afea513f1a7d7ed3cdc150a90038287132982c2b9179eac26c4df9"}}
[debug] [2022-12-04T22:58:49.574Z] <<< [apiv2][status] POST https://firebasehosting.googleapis.com/v1beta1/projects/568178347696/sites/project-marvel-website/versions/9642c3323fb8432e:populateFiles 200
[debug] [2022-12-04T22:58:49.574Z] <<< [apiv2][body] POST https://firebasehosting.googleapis.com/v1beta1/projects/568178347696/sites/project-marvel-website/versions/9642c3323fb8432e:populateFiles {"uploadRequiredHashes":["2ae68caf104d3ec14d1a3c6e340f92b82a1dd451d2c708f71d84c79f84c565fb","9e6020d33e3b96382e0cb562d131d61c8b02717727f6ae2a28b41176c0466d96","f70645a2a49fa1e2352e34d1a623d5d598c84683ca0d6ab8e1a77d97cae13077","1847e62e9608138f756e78df8d0f4d2142f20bdc28bb6fa4d5190c82d09bea79","752e09c5712febe3db66839a0e2ff303d7e04f400320ab0ed7d2e477e549cbf5","58279d9907ff104165e6293648e37aa8378992fa9a95a5122b3108c474de22ec","3ac8a63933a202e3aecb6f8811c7ef42fa05e795642bede7c2768bd81900b937","51ad08fabaf3e08ddf2af9d52c25badc8abe9df22ce517fd680a1b96fa93f52b","0211eeb1ce68ce1785ba1f15c31fb0271cccf7d91b1318c43dbd0637c8616794","84a5bda6469b84993479fffd99896f11668d58efdf5c5cdddb1ae08fa0aa372c","2dd85a65216c70a8137328b0e22cd8f39dab91b254c721890596c0b292fe4f1e","beacf696ccaf9f0955ad17cf148c6538e38b224be9df449e1285c6c0e434a1bc","70e75c2c1988e4a6202ab714514c29d173e4d2fb57680c513781f87e347b69d2","35a9958e0f5deb0f349da35bed2ee706b431acee0b8e4d05f46a13f62e4f2eb7","ff99bed0bbc682ea558e179c42d3acc3f57888ceaf3c6870578078d4abcb1409","e0ef8b84e3afea513f1a7d7ed3cdc150a90038287132982c2b9179eac26c4df9","fdc4fa06f1012048ffa7b6c0a299116151544b3569bf891f11ee08c2a7231a3c","e30e8fef918f0aae6705c1601835c8d1780f61bec07b0a95060cf158a868bc4b"],"uploadUrl":"https://upload-firebasehosting.googleapis.com/upload/sites/project-marvel-website/versions/9642c3323fb8432e/files"}
[debug] [2022-12-04T22:58:49.584Z] >>> [apiv2][query] POST https://upload-firebasehosting.googleapis.com/upload/sites/project-marvel-website/versions/9642c3323fb8432e/files/2ae68caf104d3ec14d1a3c6e340f92b82a1dd451d2c708f71d84c79f84c565fb [none]
[debug] [2022-12-04T22:58:49.584Z] >>> [apiv2][body] POST https://upload-firebasehosting.googleapis.com/upload/sites/project-marvel-website/versions/9642c3323fb8432e/files/2ae68caf104d3ec14d1a3c6e340f92b82a1dd451d2c708f71d84c79f84c565fb [stream]
[debug] [2022-12-04T22:58:49.586Z] >>> [apiv2][query] POST https://upload-firebasehosting.googleapis.com/upload/sites/project-marvel-website/versions/9642c3323fb8432e/files/9e6020d33e3b96382e0cb562d131d61c8b02717727f6ae2a28b41176c0466d96 [none]
[debug] [2022-12-04T22:58:49.586Z] >>> [apiv2][body] POST https://upload-firebasehosting.googleapis.com/upload/sites/project-marvel-website/versions/9642c3323fb8432e/files/9e6020d33e3b96382e0cb562d131d61c8b02717727f6ae2a28b41176c0466d96 [stream]
[debug] [2022-12-04T22:58:49.588Z] >>> [apiv2][query] POST https://upload-firebasehosting.googleapis.com/upload/sites/project-marvel-website/versions/9642c3323fb8432e/files/f70645a2a49fa1e2352e34d1a623d5d598c84683ca0d6ab8e1a77d97cae13077 [none]
[debug] [2022-12-04T22:58:49.588Z] >>> [apiv2][body] POST https://upload-firebasehosting.googleapis.com/upload/sites/project-marvel-website/versions/9642c3323fb8432e/files/f70645a2a49fa1e2352e34d1a623d5d598c84683ca0d6ab8e1a77d97cae13077 [stream]
[debug] [2022-12-04T22:58:49.590Z] >>> [apiv2][query] POST https://upload-firebasehosting.googleapis.com/upload/sites/project-marvel-website/versions/9642c3323fb8432e/files/1847e62e9608138f756e78df8d0f4d2142f20bdc28bb6fa4d5190c82d09bea79 [none]
[debug] [2022-12-04T22:58:49.590Z] >>> [apiv2][body] POST https://upload-firebasehosting.googleapis.com/upload/sites/project-marvel-website/versions/9642c3323fb8432e/files/1847e62e9608138f756e78df8d0f4d2142f20bdc28bb6fa4d5190c82d09bea79 [stream]
[debug] [2022-12-04T22:58:49.593Z] >>> [apiv2][query] POST https://upload-firebasehosting.googleapis.com/upload/sites/project-marvel-website/versions/9642c3323fb8432e/files/752e09c5712febe3db66839a0e2ff303d7e04f400320ab0ed7d2e477e549cbf5 [none]
[debug] [2022-12-04T22:58:49.593Z] >>> [apiv2][body] POST https://upload-firebasehosting.googleapis.com/upload/sites/project-marvel-website/versions/9642c3323fb8432e/files/752e09c5712febe3db66839a0e2ff303d7e04f400320ab0ed7d2e477e549cbf5 [stream]
[debug] [2022-12-04T22:58:49.598Z] >>> [apiv2][query] POST https://upload-firebasehosting.googleapis.com/upload/sites/project-marvel-website/versions/9642c3323fb8432e/files/58279d9907ff104165e6293648e37aa8378992fa9a95a5122b3108c474de22ec [none]
[debug] [2022-12-04T22:58:49.598Z] >>> [apiv2][body] POST https://upload-firebasehosting.googleapis.com/upload/sites/project-marvel-website/versions/9642c3323fb8432e/files/58279d9907ff104165e6293648e37aa8378992fa9a95a5122b3108c474de22ec [stream]
[debug] [2022-12-04T22:58:49.603Z] >>> [apiv2][query] POST https://upload-firebasehosting.googleapis.com/upload/sites/project-marvel-website/versions/9642c3323fb8432e/files/3ac8a63933a202e3aecb6f8811c7ef42fa05e795642bede7c2768bd81900b937 [none]
[debug] [2022-12-04T22:58:49.603Z] >>> [apiv2][body] POST https://upload-firebasehosting.googleapis.com/upload/sites/project-marvel-website/versions/9642c3323fb8432e/files/3ac8a63933a202e3aecb6f8811c7ef42fa05e795642bede7c2768bd81900b937 [stream]
[debug] [2022-12-04T22:58:49.607Z] >>> [apiv2][query] POST https://upload-firebasehosting.googleapis.com/upload/sites/project-marvel-website/versions/9642c3323fb8432e/files/51ad08fabaf3e08ddf2af9d52c25badc8abe9df22ce517fd680a1b96fa93f52b [none]
[debug] [2022-12-04T22:58:49.608Z] >>> [apiv2][body] POST https://upload-firebasehosting.googleapis.com/upload/sites/project-marvel-website/versions/9642c3323fb8432e/files/51ad08fabaf3e08ddf2af9d52c25badc8abe9df22ce517fd680a1b96fa93f52b [stream]
[debug] [2022-12-04T22:58:49.611Z] >>> [apiv2][query] POST https://upload-firebasehosting.googleapis.com/upload/sites/project-marvel-website/versions/9642c3323fb8432e/files/0211eeb1ce68ce1785ba1f15c31fb0271cccf7d91b1318c43dbd0637c8616794 [none]
[debug] [2022-12-04T22:58:49.612Z] >>> [apiv2][body] POST https://upload-firebasehosting.googleapis.com/upload/sites/project-marvel-website/versions/9642c3323fb8432e/files/0211eeb1ce68ce1785ba1f15c31fb0271cccf7d91b1318c43dbd0637c8616794 [stream]
[debug] [2022-12-04T22:58:49.614Z] >>> [apiv2][query] POST https://upload-firebasehosting.googleapis.com/upload/sites/project-marvel-website/versions/9642c3323fb8432e/files/84a5bda6469b84993479fffd99896f11668d58efdf5c5cdddb1ae08fa0aa372c [none]
[debug] [2022-12-04T22:58:49.615Z] >>> [apiv2][body] POST https://upload-firebasehosting.googleapis.com/upload/sites/project-marvel-website/versions/9642c3323fb8432e/files/84a5bda6469b84993479fffd99896f11668d58efdf5c5cdddb1ae08fa0aa372c [stream]
[debug] [2022-12-04T22:58:49.616Z] >>> [apiv2][query] POST https://upload-firebasehosting.googleapis.com/upload/sites/project-marvel-website/versions/9642c3323fb8432e/files/2dd85a65216c70a8137328b0e22cd8f39dab91b254c721890596c0b292fe4f1e [none]
[debug] [2022-12-04T22:58:49.616Z] >>> [apiv2][body] POST https://upload-firebasehosting.googleapis.com/upload/sites/project-marvel-website/versions/9642c3323fb8432e/files/2dd85a65216c70a8137328b0e22cd8f39dab91b254c721890596c0b292fe4f1e [stream]
[debug] [2022-12-04T22:58:49.618Z] >>> [apiv2][query] POST https://upload-firebasehosting.googleapis.com/upload/sites/project-marvel-website/versions/9642c3323fb8432e/files/beacf696ccaf9f0955ad17cf148c6538e38b224be9df449e1285c6c0e434a1bc [none]
[debug] [2022-12-04T22:58:49.618Z] >>> [apiv2][body] POST https://upload-firebasehosting.googleapis.com/upload/sites/project-marvel-website/versions/9642c3323fb8432e/files/beacf696ccaf9f0955ad17cf148c6538e38b224be9df449e1285c6c0e434a1bc [stream]
[debug] [2022-12-04T22:58:49.619Z] >>> [apiv2][query] POST https://upload-firebasehosting.googleapis.com/upload/sites/project-marvel-website/versions/9642c3323fb8432e/files/70e75c2c1988e4a6202ab714514c29d173e4d2fb57680c513781f87e347b69d2 [none]
[debug] [2022-12-04T22:58:49.619Z] >>> [apiv2][body] POST https://upload-firebasehosting.googleapis.com/upload/sites/project-marvel-website/versions/9642c3323fb8432e/files/70e75c2c1988e4a6202ab714514c29d173e4d2fb57680c513781f87e347b69d2 [stream]
[debug] [2022-12-04T22:58:49.621Z] >>> [apiv2][query] POST https://upload-firebasehosting.googleapis.com/upload/sites/project-marvel-website/versions/9642c3323fb8432e/files/35a9958e0f5deb0f349da35bed2ee706b431acee0b8e4d05f46a13f62e4f2eb7 [none]
[debug] [2022-12-04T22:58:49.621Z] >>> [apiv2][body] POST https://upload-firebasehosting.googleapis.com/upload/sites/project-marvel-website/versions/9642c3323fb8432e/files/35a9958e0f5deb0f349da35bed2ee706b431acee0b8e4d05f46a13f62e4f2eb7 [stream]
[debug] [2022-12-04T22:58:49.624Z] >>> [apiv2][query] POST https://upload-firebasehosting.googleapis.com/upload/sites/project-marvel-website/versions/9642c3323fb8432e/files/ff99bed0bbc682ea558e179c42d3acc3f57888ceaf3c6870578078d4abcb1409 [none]
[debug] [2022-12-04T22:58:49.624Z] >>> [apiv2][body] POST https://upload-firebasehosting.googleapis.com/upload/sites/project-marvel-website/versions/9642c3323fb8432e/files/ff99bed0bbc682ea558e179c42d3acc3f57888ceaf3c6870578078d4abcb1409 [stream]
[debug] [2022-12-04T22:58:49.628Z] >>> [apiv2][query] POST https://upload-firebasehosting.googleapis.com/upload/sites/project-marvel-website/versions/9642c3323fb8432e/files/e0ef8b84e3afea513f1a7d7ed3cdc150a90038287132982c2b9179eac26c4df9 [none]
[debug] [2022-12-04T22:58:49.629Z] >>> [apiv2][body] POST https://upload-firebasehosting.googleapis.com/upload/sites/project-marvel-website/versions/9642c3323fb8432e/files/e0ef8b84e3afea513f1a7d7ed3cdc150a90038287132982c2b9179eac26c4df9 [stream]
[debug] [2022-12-04T22:58:49.631Z] >>> [apiv2][query] POST https://upload-firebasehosting.googleapis.com/upload/sites/project-marvel-website/versions/9642c3323fb8432e/files/fdc4fa06f1012048ffa7b6c0a299116151544b3569bf891f11ee08c2a7231a3c [none]
[debug] [2022-12-04T22:58:49.631Z] >>> [apiv2][body] POST https://upload-firebasehosting.googleapis.com/upload/sites/project-marvel-website/versions/9642c3323fb8432e/files/fdc4fa06f1012048ffa7b6c0a299116151544b3569bf891f11ee08c2a7231a3c [stream]
[debug] [2022-12-04T22:58:49.634Z] >>> [apiv2][query] POST https://upload-firebasehosting.googleapis.com/upload/sites/project-marvel-website/versions/9642c3323fb8432e/files/e30e8fef918f0aae6705c1601835c8d1780f61bec07b0a95060cf158a868bc4b [none]
[debug] [2022-12-04T22:58:49.634Z] >>> [apiv2][body] POST https://upload-firebasehosting.googleapis.com/upload/sites/project-marvel-website/versions/9642c3323fb8432e/files/e30e8fef918f0aae6705c1601835c8d1780f61bec07b0a95060cf158a868bc4b [stream]
[debug] [2022-12-04T22:58:49.636Z] [hosting][populate queue][FINAL] {"max":1033,"min":1033,"avg":1033,"active":0,"complete":1,"success":1,"errored":0,"retried":0,"total":1,"elapsed":1086}
[debug] [2022-12-04T22:58:49.636Z] [hosting] uploads queued: 18
[debug] [2022-12-04T22:58:51.070Z] <<< [apiv2][status] POST https://upload-firebasehosting.googleapis.com/upload/sites/project-marvel-website/versions/9642c3323fb8432e/files/752e09c5712febe3db66839a0e2ff303d7e04f400320ab0ed7d2e477e549cbf5 200
[debug] [2022-12-04T22:58:51.070Z] <<< [apiv2][body] POST https://upload-firebasehosting.googleapis.com/upload/sites/project-marvel-website/versions/9642c3323fb8432e/files/752e09c5712febe3db66839a0e2ff303d7e04f400320ab0ed7d2e477e549cbf5 [stream]
[debug] [2022-12-04T22:58:51.188Z] <<< [apiv2][status] POST https://upload-firebasehosting.googleapis.com/upload/sites/project-marvel-website/versions/9642c3323fb8432e/files/ff99bed0bbc682ea558e179c42d3acc3f57888ceaf3c6870578078d4abcb1409 200
[debug] [2022-12-04T22:58:51.189Z] <<< [apiv2][body] POST https://upload-firebasehosting.googleapis.com/upload/sites/project-marvel-website/versions/9642c3323fb8432e/files/ff99bed0bbc682ea558e179c42d3acc3f57888ceaf3c6870578078d4abcb1409 [stream]
[debug] [2022-12-04T22:58:51.404Z] <<< [apiv2][status] POST https://upload-firebasehosting.googleapis.com/upload/sites/project-marvel-website/versions/9642c3323fb8432e/files/2dd85a65216c70a8137328b0e22cd8f39dab91b254c721890596c0b292fe4f1e 200
[debug] [2022-12-04T22:58:51.404Z] <<< [apiv2][body] POST https://upload-firebasehosting.googleapis.com/upload/sites/project-marvel-website/versions/9642c3323fb8432e/files/2dd85a65216c70a8137328b0e22cd8f39dab91b254c721890596c0b292fe4f1e [stream]
[debug] [2022-12-04T22:58:51.447Z] <<< [apiv2][status] POST https://upload-firebasehosting.googleapis.com/upload/sites/project-marvel-website/versions/9642c3323fb8432e/files/f70645a2a49fa1e2352e34d1a623d5d598c84683ca0d6ab8e1a77d97cae13077 200
[debug] [2022-12-04T22:58:51.447Z] <<< [apiv2][body] POST https://upload-firebasehosting.googleapis.com/upload/sites/project-marvel-website/versions/9642c3323fb8432e/files/f70645a2a49fa1e2352e34d1a623d5d598c84683ca0d6ab8e1a77d97cae13077 [stream]
[debug] [2022-12-04T22:58:51.456Z] <<< [apiv2][status] POST https://upload-firebasehosting.googleapis.com/upload/sites/project-marvel-website/versions/9642c3323fb8432e/files/2ae68caf104d3ec14d1a3c6e340f92b82a1dd451d2c708f71d84c79f84c565fb 200
[debug] [2022-12-04T22:58:51.456Z] <<< [apiv2][body] POST https://upload-firebasehosting.googleapis.com/upload/sites/project-marvel-website/versions/9642c3323fb8432e/files/2ae68caf104d3ec14d1a3c6e340f92b82a1dd451d2c708f71d84c79f84c565fb [stream]
[debug] [2022-12-04T22:58:51.525Z] <<< [apiv2][status] POST https://upload-firebasehosting.googleapis.com/upload/sites/project-marvel-website/versions/9642c3323fb8432e/files/51ad08fabaf3e08ddf2af9d52c25badc8abe9df22ce517fd680a1b96fa93f52b 200
[debug] [2022-12-04T22:58:51.525Z] <<< [apiv2][body] POST https://upload-firebasehosting.googleapis.com/upload/sites/project-marvel-website/versions/9642c3323fb8432e/files/51ad08fabaf3e08ddf2af9d52c25badc8abe9df22ce517fd680a1b96fa93f52b [stream]
[debug] [2022-12-04T22:58:51.545Z] <<< [apiv2][status] POST https://upload-firebasehosting.googleapis.com/upload/sites/project-marvel-website/versions/9642c3323fb8432e/files/1847e62e9608138f756e78df8d0f4d2142f20bdc28bb6fa4d5190c82d09bea79 200
[debug] [2022-12-04T22:58:51.545Z] <<< [apiv2][body] POST https://upload-firebasehosting.googleapis.com/upload/sites/project-marvel-website/versions/9642c3323fb8432e/files/1847e62e9608138f756e78df8d0f4d2142f20bdc28bb6fa4d5190c82d09bea79 [stream]
[debug] [2022-12-04T22:58:51.635Z] <<< [apiv2][status] POST https://upload-firebasehosting.googleapis.com/upload/sites/project-marvel-website/versions/9642c3323fb8432e/files/35a9958e0f5deb0f349da35bed2ee706b431acee0b8e4d05f46a13f62e4f2eb7 200
[debug] [2022-12-04T22:58:51.636Z] <<< [apiv2][body] POST https://upload-firebasehosting.googleapis.com/upload/sites/project-marvel-website/versions/9642c3323fb8432e/files/35a9958e0f5deb0f349da35bed2ee706b431acee0b8e4d05f46a13f62e4f2eb7 [stream]
[debug] [2022-12-04T22:58:51.690Z] <<< [apiv2][status] POST https://upload-firebasehosting.googleapis.com/upload/sites/project-marvel-website/versions/9642c3323fb8432e/files/3ac8a63933a202e3aecb6f8811c7ef42fa05e795642bede7c2768bd81900b937 200
[debug] [2022-12-04T22:58:51.691Z] <<< [apiv2][body] POST https://upload-firebasehosting.googleapis.com/upload/sites/project-marvel-website/versions/9642c3323fb8432e/files/3ac8a63933a202e3aecb6f8811c7ef42fa05e795642bede7c2768bd81900b937 [stream]
[debug] [2022-12-04T22:58:51.699Z] <<< [apiv2][status] POST https://upload-firebasehosting.googleapis.com/upload/sites/project-marvel-website/versions/9642c3323fb8432e/files/58279d9907ff104165e6293648e37aa8378992fa9a95a5122b3108c474de22ec 200
[debug] [2022-12-04T22:58:51.699Z] <<< [apiv2][body] POST https://upload-firebasehosting.googleapis.com/upload/sites/project-marvel-website/versions/9642c3323fb8432e/files/58279d9907ff104165e6293648e37aa8378992fa9a95a5122b3108c474de22ec [stream]
[debug] [2022-12-04T22:58:51.707Z] <<< [apiv2][status] POST https://upload-firebasehosting.googleapis.com/upload/sites/project-marvel-website/versions/9642c3323fb8432e/files/84a5bda6469b84993479fffd99896f11668d58efdf5c5cdddb1ae08fa0aa372c 200
[debug] [2022-12-04T22:58:51.707Z] <<< [apiv2][body] POST https://upload-firebasehosting.googleapis.com/upload/sites/project-marvel-website/versions/9642c3323fb8432e/files/84a5bda6469b84993479fffd99896f11668d58efdf5c5cdddb1ae08fa0aa372c [stream]
[debug] [2022-12-04T22:58:51.817Z] <<< [apiv2][status] POST https://upload-firebasehosting.googleapis.com/upload/sites/project-marvel-website/versions/9642c3323fb8432e/files/0211eeb1ce68ce1785ba1f15c31fb0271cccf7d91b1318c43dbd0637c8616794 200
[debug] [2022-12-04T22:58:51.817Z] <<< [apiv2][body] POST https://upload-firebasehosting.googleapis.com/upload/sites/project-marvel-website/versions/9642c3323fb8432e/files/0211eeb1ce68ce1785ba1f15c31fb0271cccf7d91b1318c43dbd0637c8616794 [stream]
[debug] [2022-12-04T22:58:51.941Z] <<< [apiv2][status] POST https://upload-firebasehosting.googleapis.com/upload/sites/project-marvel-website/versions/9642c3323fb8432e/files/9e6020d33e3b96382e0cb562d131d61c8b02717727f6ae2a28b41176c0466d96 200
[debug] [2022-12-04T22:58:51.942Z] <<< [apiv2][body] POST https://upload-firebasehosting.googleapis.com/upload/sites/project-marvel-website/versions/9642c3323fb8432e/files/9e6020d33e3b96382e0cb562d131d61c8b02717727f6ae2a28b41176c0466d96 [stream]
[debug] [2022-12-04T22:58:52.230Z] <<< [apiv2][status] POST https://upload-firebasehosting.googleapis.com/upload/sites/project-marvel-website/versions/9642c3323fb8432e/files/fdc4fa06f1012048ffa7b6c0a299116151544b3569bf891f11ee08c2a7231a3c 200
[debug] [2022-12-04T22:58:52.230Z] <<< [apiv2][body] POST https://upload-firebasehosting.googleapis.com/upload/sites/project-marvel-website/versions/9642c3323fb8432e/files/fdc4fa06f1012048ffa7b6c0a299116151544b3569bf891f11ee08c2a7231a3c [stream]
[debug] [2022-12-04T22:58:52.456Z] <<< [apiv2][status] POST https://upload-firebasehosting.googleapis.com/upload/sites/project-marvel-website/versions/9642c3323fb8432e/files/beacf696ccaf9f0955ad17cf148c6538e38b224be9df449e1285c6c0e434a1bc 200
[debug] [2022-12-04T22:58:52.456Z] <<< [apiv2][body] POST https://upload-firebasehosting.googleapis.com/upload/sites/project-marvel-website/versions/9642c3323fb8432e/files/beacf696ccaf9f0955ad17cf148c6538e38b224be9df449e1285c6c0e434a1bc [stream]
[debug] [2022-12-04T22:58:52.527Z] <<< [apiv2][status] POST https://upload-firebasehosting.googleapis.com/upload/sites/project-marvel-website/versions/9642c3323fb8432e/files/e30e8fef918f0aae6705c1601835c8d1780f61bec07b0a95060cf158a868bc4b 200
[debug] [2022-12-04T22:58:52.529Z] <<< [apiv2][body] POST https://upload-firebasehosting.googleapis.com/upload/sites/project-marvel-website/versions/9642c3323fb8432e/files/e30e8fef918f0aae6705c1601835c8d1780f61bec07b0a95060cf158a868bc4b [stream]
[debug] [2022-12-04T22:58:52.590Z] <<< [apiv2][status] POST https://upload-firebasehosting.googleapis.com/upload/sites/project-marvel-website/versions/9642c3323fb8432e/files/70e75c2c1988e4a6202ab714514c29d173e4d2fb57680c513781f87e347b69d2 200
[debug] [2022-12-04T22:58:52.590Z] <<< [apiv2][body] POST https://upload-firebasehosting.googleapis.com/upload/sites/project-marvel-website/versions/9642c3323fb8432e/files/70e75c2c1988e4a6202ab714514c29d173e4d2fb57680c513781f87e347b69d2 [stream]
[debug] [2022-12-04T22:58:53.652Z] <<< [apiv2][status] POST https://upload-firebasehosting.googleapis.com/upload/sites/project-marvel-website/versions/9642c3323fb8432e/files/e0ef8b84e3afea513f1a7d7ed3cdc150a90038287132982c2b9179eac26c4df9 200
[debug] [2022-12-04T22:58:53.653Z] <<< [apiv2][body] POST https://upload-firebasehosting.googleapis.com/upload/sites/project-marvel-website/versions/9642c3323fb8432e/files/e0ef8b84e3afea513f1a7d7ed3cdc150a90038287132982c2b9179eac26c4df9 [stream]
[debug] [2022-12-04T22:58:53.654Z] [hosting][upload queue][FINAL] {"max":4070,"min":1489,"avg":2285.222222222222,"active":0,"complete":18,"success":18,"errored":0,"retried":0,"total":18,"elapsed":4080}
[info] +  hosting[project-marvel-website]: file upload complete 
[debug] [2022-12-04T22:58:53.705Z] [hosting] deploy completed after 7897ms
[debug] [2022-12-04T22:58:53.718Z] [rules] releasing firebase.storage/project-marvel-website.appspot.com with ruleset projects/project-marvel-website/rulesets/5d38e7ce-e02a-46e9-918f-96b42c99c7d9
[debug] [2022-12-04T22:58:53.719Z] >>> [apiv2][query] PATCH https://firebaserules.googleapis.com/v1/projects/project-marvel-website/releases/firebase.storage/project-marvel-website.appspot.com [none]
[debug] [2022-12-04T22:58:53.719Z] >>> [apiv2][body] PATCH https://firebaserules.googleapis.com/v1/projects/project-marvel-website/releases/firebase.storage/project-marvel-website.appspot.com {"release":{"name":"projects/project-marvel-website/releases/firebase.storage/project-marvel-website.appspot.com","rulesetName":"projects/project-marvel-website/rulesets/5d38e7ce-e02a-46e9-918f-96b42c99c7d9"}}
[debug] [2022-12-04T22:58:53.989Z] <<< [apiv2][status] PATCH https://firebaserules.googleapis.com/v1/projects/project-marvel-website/releases/firebase.storage/project-marvel-website.appspot.com 404
[debug] [2022-12-04T22:58:53.989Z] <<< [apiv2][body] PATCH https://firebaserules.googleapis.com/v1/projects/project-marvel-website/releases/firebase.storage/project-marvel-website.appspot.com {"error":{"code":404,"message":"Requested entity was not found.","status":"NOT_FOUND"}}
[debug] [2022-12-04T22:58:53.990Z] [rules] ruleset update failed, attempting to create instead
[debug] [2022-12-04T22:58:53.991Z] >>> [apiv2][query] POST https://firebaserules.googleapis.com/v1/projects/project-marvel-website/releases [none]
[debug] [2022-12-04T22:58:53.991Z] >>> [apiv2][body] POST https://firebaserules.googleapis.com/v1/projects/project-marvel-website/releases {"name":"projects/project-marvel-website/releases/firebase.storage/project-marvel-website.appspot.com","rulesetName":"projects/project-marvel-website/rulesets/5d38e7ce-e02a-46e9-918f-96b42c99c7d9"}
[debug] [2022-12-04T22:58:54.555Z] <<< [apiv2][status] POST https://firebaserules.googleapis.com/v1/projects/project-marvel-website/releases 200
[debug] [2022-12-04T22:58:54.555Z] <<< [apiv2][body] POST https://firebaserules.googleapis.com/v1/projects/project-marvel-website/releases {"name":"projects/project-marvel-website/releases/firebase.storage/project-marvel-website.appspot.com","rulesetName":"projects/project-marvel-website/rulesets/5d38e7ce-e02a-46e9-918f-96b42c99c7d9","createTime":"2022-12-04T22:58:54.972828Z","updateTime":"2022-12-04T22:58:54.972828Z"}
[debug] [2022-12-04T22:58:54.555Z] [rules] created release projects/project-marvel-website/releases/firebase.storage/project-marvel-website.appspot.com
[info] +  storage: released rules storage.rules to firebase.storage 
[debug] [2022-12-04T22:58:54.557Z] [rules] releasing cloud.firestore with ruleset projects/project-marvel-website/rulesets/0a5338fe-feb0-41cc-b94a-8888c68e4397
[debug] [2022-12-04T22:58:54.557Z] >>> [apiv2][query] PATCH https://firebaserules.googleapis.com/v1/projects/project-marvel-website/releases/cloud.firestore [none]
[debug] [2022-12-04T22:58:54.557Z] >>> [apiv2][body] PATCH https://firebaserules.googleapis.com/v1/projects/project-marvel-website/releases/cloud.firestore {"release":{"name":"projects/project-marvel-website/releases/cloud.firestore","rulesetName":"projects/project-marvel-website/rulesets/0a5338fe-feb0-41cc-b94a-8888c68e4397"}}
